<?xml version="1.0" encoding="UTF-8"?>
<testng-results skipped="0" failed="0" total="1" passed="1">
  <reporter-output>
  </reporter-output>
  <suite name="Default suite" duration-ms="22272" started-at="2017-11-30T06:51:56Z" finished-at="2017-11-30T06:52:18Z">
    <groups>
    </groups>
    <test name="Default test" duration-ms="22272" started-at="2017-11-30T06:51:56Z" finished-at="2017-11-30T06:52:18Z">
      <class name="automation.DropdownAutoSelectUsingTestNG">
        <test-method status="PASS" signature="setUp()[pri:0, instance:automation.DropdownAutoSelectUsingTestNG@6276ae34]" name="setUp" is-config="true" duration-ms="7517" started-at="2017-11-30T12:36:56Z" finished-at="2017-11-30T12:37:03Z">
          <reporter-output>
          </reporter-output>
        </test-method> <!-- setUp -->
        <test-method status="PASS" signature="autoComplete()[pri:0, instance:automation.DropdownAutoSelectUsingTestNG@6276ae34]" name="autoComplete" duration-ms="14739" started-at="2017-11-30T12:37:03Z" finished-at="2017-11-30T12:37:18Z">
          <reporter-output>
          </reporter-output>
        </test-method> <!-- autoComplete -->
      </class> <!-- automation.DropdownAutoSelectUsingTestNG -->
    </test> <!-- Default test -->
  </suite> <!-- Default suite -->
</testng-results>
